INFO: [VRFC 10-2263] Analyzing Verilog file "D:/Dynamic_Pipeline_CPU/Dynamic_Pipeline_CPU.srcs/sources_1/new/add1.v" into library xil_defaultlib
INFO: [VRFC 10-311] analyzing module add1
INFO: [VRFC 10-2263] Analyzing Verilog file "D:/Dynamic_Pipeline_CPU/Dynamic_Pipeline_CPU.srcs/sources_1/new/cla4.v" into library xil_defaultlib
INFO: [VRFC 10-311] analyzing module cla4
INFO: [VRFC 10-2263] Analyzing Verilog file "D:/Dynamic_Pipeline_CPU/Dynamic_Pipeline_CPU.srcs/sources_1/new/add4.v" into library xil_defaultlib
INFO: [VRFC 10-311] analyzing module add4
INFO: [VRFC 10-2263] Analyzing Verilog file "D:/Dynamic_Pipeline_CPU/Dynamic_Pipeline_CPU.srcs/sources_1/new/add16.v" into library xil_defaultlib
INFO: [VRFC 10-311] analyzing module add16
INFO: [VRFC 10-2263] Analyzing Verilog file "D:/Dynamic_Pipeline_CPU/Dynamic_Pipeline_CPU.srcs/sources_1/new/neg32.v" into library xil_defaultlib
INFO: [VRFC 10-311] analyzing module neg32
INFO: [VRFC 10-2263] Analyzing Verilog file "D:/Dynamic_Pipeline_CPU/Dynamic_Pipeline_CPU.srcs/sources_1/new/add32.v" into library xil_defaultlib
INFO: [VRFC 10-311] analyzing module add32
INFO: [VRFC 10-2263] Analyzing Verilog file "D:/Dynamic_Pipeline_CPU/Dynamic_Pipeline_CPU.srcs/sources_1/new/luislt.v" into library xil_defaultlib
INFO: [VRFC 10-311] analyzing module luislt
INFO: [VRFC 10-2263] Analyzing Verilog file "D:/Dynamic_Pipeline_CPU/Dynamic_Pipeline_CPU.srcs/sources_1/new/add.v" into library xil_defaultlib
INFO: [VRFC 10-311] analyzing module add
INFO: [VRFC 10-2263] Analyzing Verilog file "D:/Dynamic_Pipeline_CPU/Dynamic_Pipeline_CPU.ip_user_files/ipstatic/dist_mem_gen_v8_0_10/simulation/dist_mem_gen_v8_0.v" into library dist_mem_gen_v8_0_10
INFO: [VRFC 10-311] analyzing module dist_mem_gen_v8_0_10
INFO: [VRFC 10-2263] Analyzing Verilog file "D:/Dynamic_Pipeline_CPU/Dynamic_Pipeline_CPU.srcs/sources_1/ip/dist_mem_gen_0/sim/dist_mem_gen_0.v" into library xil_defaultlib
INFO: [VRFC 10-311] analyzing module dist_mem_gen_0
INFO: [VRFC 10-2263] Analyzing Verilog file "D:/Dynamic_Pipeline_CPU/Dynamic_Pipeline_CPU.srcs/sources_1/new/regfiles.v" into library xil_defaultlib
INFO: [VRFC 10-311] analyzing module regfiles
INFO: [VRFC 10-2263] Analyzing Verilog file "D:/Dynamic_Pipeline_CPU/Dynamic_Pipeline_CPU.srcs/sources_1/new/controller.v" into library xil_defaultlib
INFO: [VRFC 10-311] analyzing module controller
INFO: [VRFC 10-2263] Analyzing Verilog file "D:/Dynamic_Pipeline_CPU/Dynamic_Pipeline_CPU.srcs/sources_1/new/regs_IF_ID.v" into library xil_defaultlib
INFO: [VRFC 10-311] analyzing module regs_IF_ID
INFO: [VRFC 10-2263] Analyzing Verilog file "D:/Dynamic_Pipeline_CPU/Dynamic_Pipeline_CPU.srcs/sources_1/new/conflict_judge.v" into library xil_defaultlib
INFO: [VRFC 10-311] analyzing module conflict_judge
INFO: [VRFC 10-2263] Analyzing Verilog file "D:/Dynamic_Pipeline_CPU/Dynamic_Pipeline_CPU.srcs/sources_1/new/regs_MEM_WB.v" into library xil_defaultlib
INFO: [VRFC 10-311] analyzing module regs_MEM_WB
INFO: [VRFC 10-2263] Analyzing Verilog file "D:/Dynamic_Pipeline_CPU/Dynamic_Pipeline_CPU.srcs/sources_1/new/regs_ID_EX.v" into library xil_defaultlib
INFO: [VRFC 10-311] analyzing module regs_ID_EX
INFO: [VRFC 10-2263] Analyzing Verilog file "D:/Dynamic_Pipeline_CPU/Dynamic_Pipeline_CPU.srcs/sources_1/new/regs_EX_MEM.v" into library xil_defaultlib
INFO: [VRFC 10-311] analyzing module regs_EX_MEM
INFO: [VRFC 10-2263] Analyzing Verilog file "D:/Dynamic_Pipeline_CPU/Dynamic_Pipeline_CPU.srcs/sources_1/new/PC_reg.v" into library xil_defaultlib
INFO: [VRFC 10-311] analyzing module PC_reg
INFO: [VRFC 10-2263] Analyzing Verilog file "D:/Dynamic_Pipeline_CPU/Dynamic_Pipeline_CPU.srcs/sources_1/new/mux.v" into library xil_defaultlib
INFO: [VRFC 10-311] analyzing module mux
INFO: [VRFC 10-2263] Analyzing Verilog file "D:/Dynamic_Pipeline_CPU/Dynamic_Pipeline_CPU.srcs/sources_1/new/dmem.v" into library xil_defaultlib
INFO: [VRFC 10-311] analyzing module dmem
INFO: [VRFC 10-2458] undeclared symbol addr_true, assumed default net type wire [D:/Dynamic_Pipeline_CPU/Dynamic_Pipeline_CPU.srcs/sources_1/new/dmem.v:60]
INFO: [VRFC 10-2263] Analyzing Verilog file "D:/Dynamic_Pipeline_CPU/Dynamic_Pipeline_CPU.srcs/sources_1/new/alu.v" into library xil_defaultlib
INFO: [VRFC 10-311] analyzing module alu
INFO: [VRFC 10-2263] Analyzing Verilog file "D:/Dynamic_Pipeline_CPU/Dynamic_Pipeline_CPU.srcs/sources_1/new/dcpu.v" into library xil_defaultlib
INFO: [VRFC 10-311] analyzing module cpu
INFO: [VRFC 10-2263] Analyzing Verilog file "D:/Dynamic_Pipeline_CPU/Dynamic_Pipeline_CPU.srcs/sources_1/new/imem.v" into library xil_defaultlib
INFO: [VRFC 10-311] analyzing module imem
INFO: [VRFC 10-2263] Analyzing Verilog file "D:/Dynamic_Pipeline_CPU/Dynamic_Pipeline_CPU.srcs/sources_1/new/cpu_top.v" into library xil_defaultlib
INFO: [VRFC 10-311] analyzing module cpu_top
INFO: [VRFC 10-2263] Analyzing Verilog file "D:/Dynamic_Pipeline_CPU/Dynamic_Pipeline_CPU.srcs/sim_1/new/cpu_top_tb.v" into library xil_defaultlib
INFO: [VRFC 10-311] analyzing module cpu_top_tb
INFO: [VRFC 10-2263] Analyzing Verilog file "D:/Dynamic_Pipeline_CPU/Dynamic_Pipeline_CPU.sim/sim_1/behav/glbl.v" into library xil_defaultlib
INFO: [VRFC 10-311] analyzing module glbl
