Unable to capture context for thread 1284 in process 18540, can not generate back trace
Unable to capture context for thread 31368 in process 18540, can not generate back trace
Unable to capture context for thread 24620 in process 18540, can not generate back trace
Unable to capture context for thread 29672 in process 18540, can not generate back trace
Unable to capture context for thread 26732 in process 18540, can not generate back trace
Unable to capture context for thread 23732 in process 18540, can not generate back trace
Exception at PC 0x00007FF8226EBB93
Printing stacktrace...

Unable to capture context for thread 30320 in process 18540, can not generate back trace
Exception at PC 0x00007FF8E19CFE4C
Exception at PC 0x00007FF8E19CFE4C
Exception at PC 0x00007FF8E19CFE4C
Exception at PC 0x00007FF8E19CFE4C
Exception at PC 0x00007FF8E19CFE4C
Exception at PC 0x00007FF8E19CFE4C
[0]  [0x00007FF8226EBB93]
[1]  [0x00007FF8226EBB93]
[2]  [0x00007FF8226EB4A1]
[3]  [0x00007FF8226EB459]
[4]  [0x00007FF8226D19FE]
[5]  [0x00007FF8226D0ED1]
[6]  [0x00007FF8226D0D76]
[7]  [0x00007FF8226779F6]
[8]  [0x00007FF822667AFB]
[9]  [0x00007FF82278E90A]
[10]  [0x00007FF8227A9F87]
[11]  [0x00007FF8227AA05F]
[12] (BaseThreadInitThunk+0x1d) [0x00007FF8E289257D]
[13] (RtlUserThreadStart+0x28) [0x00007FF8E436AF08]
Done
Exception at PC 0x00007FF8E19CFE4C
Exception at PC 0x00007FF8E19CFE4C
Exception at PC 0x00007FF8E19CFE4C
Exception at PC 0x00007FF8E19CFE4C
Exception at PC 0x00007FF8E19CFE4C
Exception at PC 0x00007FF8E19CFE4C
Exception at PC 0x00007FF8E19CFE4C
Exception at PC 0x00007FF8E19CFE4C
Exception at PC 0x00007FF8E19CFE4C
Exception at PC 0x00007FF8E19CFE4C
Exception at PC 0x00007FF8E19CFE4C
Exception at PC 0x00007FF8E19CFE4C
Exception at PC 0x00007FF8E19CFE4C
Exception at PC 0x00007FF8E19CFE4C
