
*** Running vivado
    with args -log top.vds -m64 -mode batch -messageDb vivado.pb -notrace -source top.tcl


****** Vivado v2016.2 (64-bit)
  **** SW Build 1577090 on Thu Jun  2 16:32:40 MDT 2016
  **** IP Build 1577682 on Fri Jun  3 12:00:54 MDT 2016
    ** Copyright 1986-2016 Xilinx, Inc. All Rights Reserved.

source top.tcl -notrace
Command: synth_design -top top -part xc7a100tcsg324-1
Starting synth_design
Attempting to get a license for feature 'Synthesis' and/or device 'xc7a100t'
INFO: [Common 17-349] Got license for feature 'Synthesis' and/or device 'xc7a100t'
INFO: Launching helper process for spawning children vivado processes
INFO: Helper process launched with PID 5016 
WARNING: [Synth 8-2306] macro exec redefined [D:/Static_Pipeline_CPU/Static_Pipeline_CPU.srcs/sources_1/new/IF.v:24]
WARNING: [Synth 8-2306] macro exec redefined [D:/Static_Pipeline_CPU/Static_Pipeline_CPU.srcs/sources_1/new/EX.v:24]
WARNING: [Synth 8-2306] macro idle redefined [D:/Static_Pipeline_CPU/Static_Pipeline_CPU.srcs/sources_1/new/pcpu.v:23]
WARNING: [Synth 8-2306] macro exec redefined [D:/Static_Pipeline_CPU/Static_Pipeline_CPU.srcs/sources_1/new/pcpu.v:24]
---------------------------------------------------------------------------------
Starting RTL Elaboration : Time (s): cpu = 00:00:01 ; elapsed = 00:00:04 . Memory (MB): peak = 315.965 ; gain = 108.660
---------------------------------------------------------------------------------
INFO: [Synth 8-638] synthesizing module 'top' [D:/Static_Pipeline_CPU/Static_Pipeline_CPU.srcs/sources_1/new/top.v:23]
INFO: [Synth 8-638] synthesizing module 'seg7x16' [D:/Static_Pipeline_CPU/Static_Pipeline_CPU.srcs/sources_1/new/seg7x16.v:23]
INFO: [Synth 8-226] default block is never used [D:/Static_Pipeline_CPU/Static_Pipeline_CPU.srcs/sources_1/new/seg7x16.v:66]
WARNING: [Synth 8-3936] Found unconnected internal register 'seg_data_r_reg' and it is trimmed from '8' to '4' bits. [D:/Static_Pipeline_CPU/Static_Pipeline_CPU.srcs/sources_1/new/seg7x16.v:62]
INFO: [Synth 8-256] done synthesizing module 'seg7x16' (1#1) [D:/Static_Pipeline_CPU/Static_Pipeline_CPU.srcs/sources_1/new/seg7x16.v:23]
WARNING: [Synth 8-689] width (24) of port connection 'i_data' does not match port width (32) of module 'seg7x16' [D:/Static_Pipeline_CPU/Static_Pipeline_CPU.srcs/sources_1/new/top.v:53]
INFO: [Synth 8-638] synthesizing module 'imem' [D:/Static_Pipeline_CPU/Static_Pipeline_CPU.srcs/sources_1/new/imem.v:23]
INFO: [Synth 8-638] synthesizing module 'dist_mem_gen_0' [D:/Static_Pipeline_CPU/Static_Pipeline_CPU.runs/synth_1/.Xil/Vivado-19428-DESKTOP-D2C712Q/realtime/dist_mem_gen_0_stub.v:6]
INFO: [Synth 8-256] done synthesizing module 'dist_mem_gen_0' (2#1) [D:/Static_Pipeline_CPU/Static_Pipeline_CPU.runs/synth_1/.Xil/Vivado-19428-DESKTOP-D2C712Q/realtime/dist_mem_gen_0_stub.v:6]
WARNING: [Synth 8-689] width (8) of port connection 'a' does not match port width (11) of module 'dist_mem_gen_0' [D:/Static_Pipeline_CPU/Static_Pipeline_CPU.srcs/sources_1/new/imem.v:28]
WARNING: [Synth 8-689] width (16) of port connection 'spo' does not match port width (32) of module 'dist_mem_gen_0' [D:/Static_Pipeline_CPU/Static_Pipeline_CPU.srcs/sources_1/new/imem.v:28]
INFO: [Synth 8-256] done synthesizing module 'imem' (3#1) [D:/Static_Pipeline_CPU/Static_Pipeline_CPU.srcs/sources_1/new/imem.v:23]
INFO: [Synth 8-638] synthesizing module 'dmem' [D:/Static_Pipeline_CPU/Static_Pipeline_CPU.srcs/sources_1/new/dmem.v:23]
INFO: [Synth 8-256] done synthesizing module 'dmem' (4#1) [D:/Static_Pipeline_CPU/Static_Pipeline_CPU.srcs/sources_1/new/dmem.v:23]
INFO: [Synth 8-638] synthesizing module 'pcpu' [D:/Static_Pipeline_CPU/Static_Pipeline_CPU.srcs/sources_1/new/pcpu.v:43]
INFO: [Synth 8-226] default block is never used [D:/Static_Pipeline_CPU/Static_Pipeline_CPU.srcs/sources_1/new/pcpu.v:77]
INFO: [Synth 8-638] synthesizing module 'IF' [D:/Static_Pipeline_CPU/Static_Pipeline_CPU.srcs/sources_1/new/IF.v:26]
INFO: [Synth 8-256] done synthesizing module 'IF' (5#1) [D:/Static_Pipeline_CPU/Static_Pipeline_CPU.srcs/sources_1/new/IF.v:26]
INFO: [Synth 8-638] synthesizing module 'EX' [D:/Static_Pipeline_CPU/Static_Pipeline_CPU.srcs/sources_1/new/EX.v:36]
WARNING: [Synth 8-5788] Register ALU_result_reg in module EX is has both Set and reset with same priority. This may cause simulation mismatches. Consider rewriting code  [D:/Static_Pipeline_CPU/Static_Pipeline_CPU.srcs/sources_1/new/EX.v:71]
WARNING: [Synth 8-3848] Net cf in module/entity EX does not have driver. [D:/Static_Pipeline_CPU/Static_Pipeline_CPU.srcs/sources_1/new/EX.v:47]
INFO: [Synth 8-256] done synthesizing module 'EX' (6#1) [D:/Static_Pipeline_CPU/Static_Pipeline_CPU.srcs/sources_1/new/EX.v:36]
WARNING: [Synth 8-689] width (16) of port connection 'cf_buf' does not match port width (1) of module 'EX' [D:/Static_Pipeline_CPU/Static_Pipeline_CPU.srcs/sources_1/new/pcpu.v:122]
WARNING: [Synth 8-689] width (1) of port connection 'dst_regC1' does not match port width (16) of module 'EX' [D:/Static_Pipeline_CPU/Static_Pipeline_CPU.srcs/sources_1/new/pcpu.v:122]
WARNING: [Synth 8-689] width (16) of port connection 'wena' does not match port width (1) of module 'EX' [D:/Static_Pipeline_CPU/Static_Pipeline_CPU.srcs/sources_1/new/pcpu.v:122]
WARNING: [Synth 8-689] width (1) of port connection 'mem_input' does not match port width (16) of module 'EX' [D:/Static_Pipeline_CPU/Static_Pipeline_CPU.srcs/sources_1/new/pcpu.v:122]
INFO: [Synth 8-638] synthesizing module 'MEM' [D:/Static_Pipeline_CPU/Static_Pipeline_CPU.srcs/sources_1/new/MEM.v:36]
INFO: [Synth 8-256] done synthesizing module 'MEM' (7#1) [D:/Static_Pipeline_CPU/Static_Pipeline_CPU.srcs/sources_1/new/MEM.v:36]
WARNING: [Synth 8-3848] Net mem_input in module/entity pcpu does not have driver. [D:/Static_Pipeline_CPU/Static_Pipeline_CPU.srcs/sources_1/new/pcpu.v:60]
INFO: [Synth 8-256] done synthesizing module 'pcpu' (8#1) [D:/Static_Pipeline_CPU/Static_Pipeline_CPU.srcs/sources_1/new/pcpu.v:43]
WARNING: [Synth 8-3848] Net datain in module/entity top does not have driver. [D:/Static_Pipeline_CPU/Static_Pipeline_CPU.srcs/sources_1/new/top.v:33]
INFO: [Synth 8-256] done synthesizing module 'top' (9#1) [D:/Static_Pipeline_CPU/Static_Pipeline_CPU.srcs/sources_1/new/top.v:23]
WARNING: [Synth 8-3331] design EX has unconnected port cf
WARNING: [Synth 8-3331] design IF has unconnected port dst_regC1[15]
WARNING: [Synth 8-3331] design IF has unconnected port dst_regC1[14]
WARNING: [Synth 8-3331] design IF has unconnected port dst_regC1[13]
WARNING: [Synth 8-3331] design IF has unconnected port dst_regC1[12]
WARNING: [Synth 8-3331] design IF has unconnected port dst_regC1[11]
WARNING: [Synth 8-3331] design IF has unconnected port dst_regC1[10]
WARNING: [Synth 8-3331] design IF has unconnected port dst_regC1[9]
WARNING: [Synth 8-3331] design IF has unconnected port dst_regC1[8]
---------------------------------------------------------------------------------
Finished RTL Elaboration : Time (s): cpu = 00:00:01 ; elapsed = 00:00:04 . Memory (MB): peak = 335.832 ; gain = 128.527
---------------------------------------------------------------------------------

Report Check Netlist: 
+------+------------------+-------+---------+-------+------------------+
|      |Item              |Errors |Warnings |Status |Description       |
+------+------------------+-------+---------+-------+------------------+
|1     |multi_driven_nets |      0|        0|Passed |Multi driven nets |
+------+------------------+-------+---------+-------+------------------+
WARNING: [Synth 8-3295] tying undriven pin ex_stage:store_reg1[15] to constant 0 [D:/Static_Pipeline_CPU/Static_Pipeline_CPU.srcs/sources_1/new/pcpu.v:121]
WARNING: [Synth 8-3295] tying undriven pin ex_stage:store_reg1[14] to constant 0 [D:/Static_Pipeline_CPU/Static_Pipeline_CPU.srcs/sources_1/new/pcpu.v:121]
WARNING: [Synth 8-3295] tying undriven pin ex_stage:store_reg1[13] to constant 0 [D:/Static_Pipeline_CPU/Static_Pipeline_CPU.srcs/sources_1/new/pcpu.v:121]
WARNING: [Synth 8-3295] tying undriven pin ex_stage:store_reg1[12] to constant 0 [D:/Static_Pipeline_CPU/Static_Pipeline_CPU.srcs/sources_1/new/pcpu.v:121]
WARNING: [Synth 8-3295] tying undriven pin ex_stage:store_reg1[11] to constant 0 [D:/Static_Pipeline_CPU/Static_Pipeline_CPU.srcs/sources_1/new/pcpu.v:121]
WARNING: [Synth 8-3295] tying undriven pin ex_stage:store_reg1[10] to constant 0 [D:/Static_Pipeline_CPU/Static_Pipeline_CPU.srcs/sources_1/new/pcpu.v:121]
WARNING: [Synth 8-3295] tying undriven pin ex_stage:store_reg1[9] to constant 0 [D:/Static_Pipeline_CPU/Static_Pipeline_CPU.srcs/sources_1/new/pcpu.v:121]
WARNING: [Synth 8-3295] tying undriven pin ex_stage:store_reg1[8] to constant 0 [D:/Static_Pipeline_CPU/Static_Pipeline_CPU.srcs/sources_1/new/pcpu.v:121]
WARNING: [Synth 8-3295] tying undriven pin ex_stage:store_reg1[7] to constant 0 [D:/Static_Pipeline_CPU/Static_Pipeline_CPU.srcs/sources_1/new/pcpu.v:121]
WARNING: [Synth 8-3295] tying undriven pin ex_stage:store_reg1[6] to constant 0 [D:/Static_Pipeline_CPU/Static_Pipeline_CPU.srcs/sources_1/new/pcpu.v:121]
WARNING: [Synth 8-3295] tying undriven pin ex_stage:store_reg1[5] to constant 0 [D:/Static_Pipeline_CPU/Static_Pipeline_CPU.srcs/sources_1/new/pcpu.v:121]
WARNING: [Synth 8-3295] tying undriven pin ex_stage:store_reg1[4] to constant 0 [D:/Static_Pipeline_CPU/Static_Pipeline_CPU.srcs/sources_1/new/pcpu.v:121]
WARNING: [Synth 8-3295] tying undriven pin ex_stage:store_reg1[3] to constant 0 [D:/Static_Pipeline_CPU/Static_Pipeline_CPU.srcs/sources_1/new/pcpu.v:121]
WARNING: [Synth 8-3295] tying undriven pin ex_stage:store_reg1[2] to constant 0 [D:/Static_Pipeline_CPU/Static_Pipeline_CPU.srcs/sources_1/new/pcpu.v:121]
WARNING: [Synth 8-3295] tying undriven pin ex_stage:store_reg1[1] to constant 0 [D:/Static_Pipeline_CPU/Static_Pipeline_CPU.srcs/sources_1/new/pcpu.v:121]
WARNING: [Synth 8-3295] tying undriven pin ex_stage:store_reg1[0] to constant 0 [D:/Static_Pipeline_CPU/Static_Pipeline_CPU.srcs/sources_1/new/pcpu.v:121]
WARNING: [Synth 8-3295] tying undriven pin mem_stage:mem_input[15] to constant 0 [D:/Static_Pipeline_CPU/Static_Pipeline_CPU.srcs/sources_1/new/pcpu.v:125]
WARNING: [Synth 8-3295] tying undriven pin mem_stage:mem_input[14] to constant 0 [D:/Static_Pipeline_CPU/Static_Pipeline_CPU.srcs/sources_1/new/pcpu.v:125]
WARNING: [Synth 8-3295] tying undriven pin mem_stage:mem_input[13] to constant 0 [D:/Static_Pipeline_CPU/Static_Pipeline_CPU.srcs/sources_1/new/pcpu.v:125]
WARNING: [Synth 8-3295] tying undriven pin mem_stage:mem_input[12] to constant 0 [D:/Static_Pipeline_CPU/Static_Pipeline_CPU.srcs/sources_1/new/pcpu.v:125]
WARNING: [Synth 8-3295] tying undriven pin mem_stage:mem_input[11] to constant 0 [D:/Static_Pipeline_CPU/Static_Pipeline_CPU.srcs/sources_1/new/pcpu.v:125]
WARNING: [Synth 8-3295] tying undriven pin mem_stage:mem_input[10] to constant 0 [D:/Static_Pipeline_CPU/Static_Pipeline_CPU.srcs/sources_1/new/pcpu.v:125]
WARNING: [Synth 8-3295] tying undriven pin mem_stage:mem_input[9] to constant 0 [D:/Static_Pipeline_CPU/Static_Pipeline_CPU.srcs/sources_1/new/pcpu.v:125]
WARNING: [Synth 8-3295] tying undriven pin mem_stage:mem_input[8] to constant 0 [D:/Static_Pipeline_CPU/Static_Pipeline_CPU.srcs/sources_1/new/pcpu.v:125]
WARNING: [Synth 8-3295] tying undriven pin mem_stage:mem_input[7] to constant 0 [D:/Static_Pipeline_CPU/Static_Pipeline_CPU.srcs/sources_1/new/pcpu.v:125]
WARNING: [Synth 8-3295] tying undriven pin mem_stage:mem_input[6] to constant 0 [D:/Static_Pipeline_CPU/Static_Pipeline_CPU.srcs/sources_1/new/pcpu.v:125]
WARNING: [Synth 8-3295] tying undriven pin mem_stage:mem_input[5] to constant 0 [D:/Static_Pipeline_CPU/Static_Pipeline_CPU.srcs/sources_1/new/pcpu.v:125]
WARNING: [Synth 8-3295] tying undriven pin mem_stage:mem_input[4] to constant 0 [D:/Static_Pipeline_CPU/Static_Pipeline_CPU.srcs/sources_1/new/pcpu.v:125]
WARNING: [Synth 8-3295] tying undriven pin mem_stage:mem_input[3] to constant 0 [D:/Static_Pipeline_CPU/Static_Pipeline_CPU.srcs/sources_1/new/pcpu.v:125]
WARNING: [Synth 8-3295] tying undriven pin mem_stage:mem_input[2] to constant 0 [D:/Static_Pipeline_CPU/Static_Pipeline_CPU.srcs/sources_1/new/pcpu.v:125]
WARNING: [Synth 8-3295] tying undriven pin mem_stage:mem_input[1] to constant 0 [D:/Static_Pipeline_CPU/Static_Pipeline_CPU.srcs/sources_1/new/pcpu.v:125]
WARNING: [Synth 8-3295] tying undriven pin mem_stage:mem_input[0] to constant 0 [D:/Static_Pipeline_CPU/Static_Pipeline_CPU.srcs/sources_1/new/pcpu.v:125]
WARNING: [Synth 8-3295] tying undriven pin dmem_inst:data_in[15] to constant 0 [D:/Static_Pipeline_CPU/Static_Pipeline_CPU.srcs/sources_1/new/top.v:61]
WARNING: [Synth 8-3295] tying undriven pin dmem_inst:data_in[14] to constant 0 [D:/Static_Pipeline_CPU/Static_Pipeline_CPU.srcs/sources_1/new/top.v:61]
WARNING: [Synth 8-3295] tying undriven pin dmem_inst:data_in[13] to constant 0 [D:/Static_Pipeline_CPU/Static_Pipeline_CPU.srcs/sources_1/new/top.v:61]
WARNING: [Synth 8-3295] tying undriven pin dmem_inst:data_in[12] to constant 0 [D:/Static_Pipeline_CPU/Static_Pipeline_CPU.srcs/sources_1/new/top.v:61]
WARNING: [Synth 8-3295] tying undriven pin dmem_inst:data_in[11] to constant 0 [D:/Static_Pipeline_CPU/Static_Pipeline_CPU.srcs/sources_1/new/top.v:61]
WARNING: [Synth 8-3295] tying undriven pin dmem_inst:data_in[10] to constant 0 [D:/Static_Pipeline_CPU/Static_Pipeline_CPU.srcs/sources_1/new/top.v:61]
WARNING: [Synth 8-3295] tying undriven pin dmem_inst:data_in[9] to constant 0 [D:/Static_Pipeline_CPU/Static_Pipeline_CPU.srcs/sources_1/new/top.v:61]
WARNING: [Synth 8-3295] tying undriven pin dmem_inst:data_in[8] to constant 0 [D:/Static_Pipeline_CPU/Static_Pipeline_CPU.srcs/sources_1/new/top.v:61]
WARNING: [Synth 8-3295] tying undriven pin dmem_inst:data_in[7] to constant 0 [D:/Static_Pipeline_CPU/Static_Pipeline_CPU.srcs/sources_1/new/top.v:61]
WARNING: [Synth 8-3295] tying undriven pin dmem_inst:data_in[6] to constant 0 [D:/Static_Pipeline_CPU/Static_Pipeline_CPU.srcs/sources_1/new/top.v:61]
WARNING: [Synth 8-3295] tying undriven pin dmem_inst:data_in[5] to constant 0 [D:/Static_Pipeline_CPU/Static_Pipeline_CPU.srcs/sources_1/new/top.v:61]
WARNING: [Synth 8-3295] tying undriven pin dmem_inst:data_in[4] to constant 0 [D:/Static_Pipeline_CPU/Static_Pipeline_CPU.srcs/sources_1/new/top.v:61]
WARNING: [Synth 8-3295] tying undriven pin dmem_inst:data_in[3] to constant 0 [D:/Static_Pipeline_CPU/Static_Pipeline_CPU.srcs/sources_1/new/top.v:61]
WARNING: [Synth 8-3295] tying undriven pin dmem_inst:data_in[2] to constant 0 [D:/Static_Pipeline_CPU/Static_Pipeline_CPU.srcs/sources_1/new/top.v:61]
WARNING: [Synth 8-3295] tying undriven pin dmem_inst:data_in[1] to constant 0 [D:/Static_Pipeline_CPU/Static_Pipeline_CPU.srcs/sources_1/new/top.v:61]
WARNING: [Synth 8-3295] tying undriven pin dmem_inst:data_in[0] to constant 0 [D:/Static_Pipeline_CPU/Static_Pipeline_CPU.srcs/sources_1/new/top.v:61]
WARNING: [Synth 8-3295] tying undriven pin pcpu_inst:datain[15] to constant 0 [D:/Static_Pipeline_CPU/Static_Pipeline_CPU.srcs/sources_1/new/top.v:70]
WARNING: [Synth 8-3295] tying undriven pin pcpu_inst:datain[14] to constant 0 [D:/Static_Pipeline_CPU/Static_Pipeline_CPU.srcs/sources_1/new/top.v:70]
WARNING: [Synth 8-3295] tying undriven pin pcpu_inst:datain[13] to constant 0 [D:/Static_Pipeline_CPU/Static_Pipeline_CPU.srcs/sources_1/new/top.v:70]
WARNING: [Synth 8-3295] tying undriven pin pcpu_inst:datain[12] to constant 0 [D:/Static_Pipeline_CPU/Static_Pipeline_CPU.srcs/sources_1/new/top.v:70]
WARNING: [Synth 8-3295] tying undriven pin pcpu_inst:datain[11] to constant 0 [D:/Static_Pipeline_CPU/Static_Pipeline_CPU.srcs/sources_1/new/top.v:70]
WARNING: [Synth 8-3295] tying undriven pin pcpu_inst:datain[10] to constant 0 [D:/Static_Pipeline_CPU/Static_Pipeline_CPU.srcs/sources_1/new/top.v:70]
WARNING: [Synth 8-3295] tying undriven pin pcpu_inst:datain[9] to constant 0 [D:/Static_Pipeline_CPU/Static_Pipeline_CPU.srcs/sources_1/new/top.v:70]
WARNING: [Synth 8-3295] tying undriven pin pcpu_inst:datain[8] to constant 0 [D:/Static_Pipeline_CPU/Static_Pipeline_CPU.srcs/sources_1/new/top.v:70]
WARNING: [Synth 8-3295] tying undriven pin pcpu_inst:datain[7] to constant 0 [D:/Static_Pipeline_CPU/Static_Pipeline_CPU.srcs/sources_1/new/top.v:70]
WARNING: [Synth 8-3295] tying undriven pin pcpu_inst:datain[6] to constant 0 [D:/Static_Pipeline_CPU/Static_Pipeline_CPU.srcs/sources_1/new/top.v:70]
WARNING: [Synth 8-3295] tying undriven pin pcpu_inst:datain[5] to constant 0 [D:/Static_Pipeline_CPU/Static_Pipeline_CPU.srcs/sources_1/new/top.v:70]
WARNING: [Synth 8-3295] tying undriven pin pcpu_inst:datain[4] to constant 0 [D:/Static_Pipeline_CPU/Static_Pipeline_CPU.srcs/sources_1/new/top.v:70]
WARNING: [Synth 8-3295] tying undriven pin pcpu_inst:datain[3] to constant 0 [D:/Static_Pipeline_CPU/Static_Pipeline_CPU.srcs/sources_1/new/top.v:70]
WARNING: [Synth 8-3295] tying undriven pin pcpu_inst:datain[2] to constant 0 [D:/Static_Pipeline_CPU/Static_Pipeline_CPU.srcs/sources_1/new/top.v:70]
WARNING: [Synth 8-3295] tying undriven pin pcpu_inst:datain[1] to constant 0 [D:/Static_Pipeline_CPU/Static_Pipeline_CPU.srcs/sources_1/new/top.v:70]
WARNING: [Synth 8-3295] tying undriven pin pcpu_inst:datain[0] to constant 0 [D:/Static_Pipeline_CPU/Static_Pipeline_CPU.srcs/sources_1/new/top.v:70]
---------------------------------------------------------------------------------
Finished RTL Optimization Phase 1 : Time (s): cpu = 00:00:01 ; elapsed = 00:00:04 . Memory (MB): peak = 335.832 ; gain = 128.527
---------------------------------------------------------------------------------
WARNING: [Project 1-486] Could not resolve non-primitive black box cell 'dist_mem_gen_0' instantiated as 'imem_inst/dist_mem_gen_0_inst' [D:/Static_Pipeline_CPU/Static_Pipeline_CPU.srcs/sources_1/new/imem.v:28]
INFO: [Device 21-403] Loading part xc7a100tcsg324-1
INFO: [Project 1-570] Preparing netlist for logic optimization

Processing XDC Constraints
Initializing timing engine
Parsing XDC File [D:/Static_Pipeline_CPU/Static_Pipeline_CPU.runs/synth_1/.Xil/Vivado-19428-DESKTOP-D2C712Q/dcp/dist_mem_gen_0_in_context.xdc] for cell 'imem_inst/dist_mem_gen_0_inst'
Finished Parsing XDC File [D:/Static_Pipeline_CPU/Static_Pipeline_CPU.runs/synth_1/.Xil/Vivado-19428-DESKTOP-D2C712Q/dcp/dist_mem_gen_0_in_context.xdc] for cell 'imem_inst/dist_mem_gen_0_inst'
Parsing XDC File [D:/Static_Pipeline_CPU/Static_Pipeline_CPU.srcs/constrs_1/new/pcpu.xdc]
Finished Parsing XDC File [D:/Static_Pipeline_CPU/Static_Pipeline_CPU.srcs/constrs_1/new/pcpu.xdc]
INFO: [Project 1-236] Implementation specific constraints were found while reading constraint file [D:/Static_Pipeline_CPU/Static_Pipeline_CPU.srcs/constrs_1/new/pcpu.xdc]. These constraints will be ignored for synthesis but will be used in implementation. Impacted constraints are listed in the file [.Xil/top_propImpl.xdc].
Resolution: To avoid this warning, move constraints listed in [.Xil/top_propImpl.xdc] to another XDC file and exclude this new file from synthesis with the used_in_synthesis property (File Properties dialog in GUI) and re-run elaboration/synthesis.
Completed Processing XDC Constraints

INFO: [Project 1-111] Unisim Transformation Summary:
No Unisim elements were transformed.

Constraint Validation Runtime : Time (s): cpu = 00:00:00 ; elapsed = 00:00:00.002 . Memory (MB): peak = 647.063 ; gain = 0.000
---------------------------------------------------------------------------------
Finished Constraint Validation : Time (s): cpu = 00:00:03 ; elapsed = 00:00:11 . Memory (MB): peak = 647.063 ; gain = 439.758
---------------------------------------------------------------------------------
---------------------------------------------------------------------------------
Start Loading Part and Timing Information
---------------------------------------------------------------------------------
Loading part: xc7a100tcsg324-1
---------------------------------------------------------------------------------
Finished Loading Part and Timing Information : Time (s): cpu = 00:00:03 ; elapsed = 00:00:11 . Memory (MB): peak = 647.063 ; gain = 439.758
---------------------------------------------------------------------------------
---------------------------------------------------------------------------------
Start Applying 'set_property' XDC Constraints
---------------------------------------------------------------------------------
---------------------------------------------------------------------------------
Finished applying 'set_property' XDC Constraints : Time (s): cpu = 00:00:03 ; elapsed = 00:00:11 . Memory (MB): peak = 647.063 ; gain = 439.758
---------------------------------------------------------------------------------
INFO: [Synth 8-5544] ROM "dst_regC1" won't be mapped to Block RAM because address size (4) smaller than threshold (5)
INFO: [Synth 8-5544] ROM "store_reg2" won't be mapped to Block RAM because address size (4) smaller than threshold (5)
INFO: [Synth 8-5544] ROM "cf_buf" won't be mapped to Block RAM because address size (4) smaller than threshold (5)
INFO: [Synth 8-5544] ROM "general_reg_reg[15]" won't be mapped to Block RAM because address size (4) smaller than threshold (5)
INFO: [Synth 8-5544] ROM "general_reg_reg[14]" won't be mapped to Block RAM because address size (4) smaller than threshold (5)
INFO: [Synth 8-5544] ROM "general_reg_reg[13]" won't be mapped to Block RAM because address size (4) smaller than threshold (5)
INFO: [Synth 8-5544] ROM "general_reg_reg[12]" won't be mapped to Block RAM because address size (4) smaller than threshold (5)
INFO: [Synth 8-5544] ROM "general_reg_reg[11]" won't be mapped to Block RAM because address size (4) smaller than threshold (5)
INFO: [Synth 8-5544] ROM "general_reg_reg[10]" won't be mapped to Block RAM because address size (4) smaller than threshold (5)
INFO: [Synth 8-5544] ROM "general_reg_reg[9]" won't be mapped to Block RAM because address size (4) smaller than threshold (5)
INFO: [Synth 8-5544] ROM "general_reg_reg[8]" won't be mapped to Block RAM because address size (4) smaller than threshold (5)
INFO: [Synth 8-5544] ROM "general_reg_reg[7]" won't be mapped to Block RAM because address size (4) smaller than threshold (5)
INFO: [Synth 8-5544] ROM "general_reg_reg[6]" won't be mapped to Block RAM because address size (4) smaller than threshold (5)
INFO: [Synth 8-5544] ROM "general_reg_reg[5]" won't be mapped to Block RAM because address size (4) smaller than threshold (5)
INFO: [Synth 8-5544] ROM "general_reg_reg[4]" won't be mapped to Block RAM because address size (4) smaller than threshold (5)
INFO: [Synth 8-5544] ROM "general_reg_reg[3]" won't be mapped to Block RAM because address size (4) smaller than threshold (5)
INFO: [Synth 8-5544] ROM "general_reg_reg[2]" won't be mapped to Block RAM because address size (4) smaller than threshold (5)
INFO: [Synth 8-5544] ROM "general_reg_reg[1]" won't be mapped to Block RAM because address size (4) smaller than threshold (5)
INFO: [Synth 8-5544] ROM "general_reg_reg[0]" won't be mapped to Block RAM because address size (4) smaller than threshold (5)
---------------------------------------------------------------------------------
Finished RTL Optimization Phase 2 : Time (s): cpu = 00:00:03 ; elapsed = 00:00:12 . Memory (MB): peak = 647.063 ; gain = 439.758
---------------------------------------------------------------------------------

Report RTL Partitions: 
+-+--------------+------------+----------+
| |RTL Partition |Replication |Instances |
+-+--------------+------------+----------+
+-+--------------+------------+----------+
---------------------------------------------------------------------------------
Start RTL Component Statistics 
---------------------------------------------------------------------------------
Detailed RTL Component Info : 
+---Adders : 
	   3 Input     17 Bit       Adders := 1     
	   2 Input     17 Bit       Adders := 1     
	   2 Input      8 Bit       Adders := 1     
	   2 Input      3 Bit       Adders := 1     
+---Registers : 
	               32 Bit    Registers := 1     
	               16 Bit    Registers := 25    
	                8 Bit    Registers := 2     
	                3 Bit    Registers := 1     
	                1 Bit    Registers := 5     
+---RAMs : 
	               4K Bit         RAMs := 1     
+---Muxes : 
	   4 Input     16 Bit        Muxes := 2     
	   2 Input     16 Bit        Muxes := 4     
	  16 Input      8 Bit        Muxes := 1     
	   2 Input      8 Bit        Muxes := 1     
	   8 Input      4 Bit        Muxes := 1     
	   4 Input      1 Bit        Muxes := 4     
	   2 Input      1 Bit        Muxes := 20    
---------------------------------------------------------------------------------
Finished RTL Component Statistics 
---------------------------------------------------------------------------------
---------------------------------------------------------------------------------
Start RTL Hierarchical Component Statistics 
---------------------------------------------------------------------------------
Hierarchical RTL Component report 
Module seg7x16 
Detailed RTL Component Info : 
+---Adders : 
	   2 Input      3 Bit       Adders := 1     
+---Registers : 
	               32 Bit    Registers := 1     
	                8 Bit    Registers := 1     
	                3 Bit    Registers := 1     
+---Muxes : 
	  16 Input      8 Bit        Muxes := 1     
	   8 Input      4 Bit        Muxes := 1     
Module dmem 
Detailed RTL Component Info : 
+---RAMs : 
	               4K Bit         RAMs := 1     
Module IF 
Detailed RTL Component Info : 
+---Adders : 
	   2 Input      8 Bit       Adders := 1     
+---Registers : 
	               16 Bit    Registers := 1     
	                8 Bit    Registers := 1     
+---Muxes : 
	   2 Input      8 Bit        Muxes := 1     
Module EX 
Detailed RTL Component Info : 
+---Adders : 
	   3 Input     17 Bit       Adders := 1     
	   2 Input     17 Bit       Adders := 1     
+---Registers : 
	               16 Bit    Registers := 4     
	                1 Bit    Registers := 4     
+---Muxes : 
	   4 Input     16 Bit        Muxes := 2     
	   4 Input      1 Bit        Muxes := 4     
Module MEM 
Detailed RTL Component Info : 
+---Registers : 
	               16 Bit    Registers := 2     
+---Muxes : 
	   2 Input     16 Bit        Muxes := 1     
Module pcpu 
Detailed RTL Component Info : 
+---Registers : 
	               16 Bit    Registers := 18    
	                1 Bit    Registers := 1     
+---Muxes : 
	   2 Input     16 Bit        Muxes := 3     
	   2 Input      1 Bit        Muxes := 20    
---------------------------------------------------------------------------------
Finished RTL Hierarchical Component Statistics
---------------------------------------------------------------------------------
---------------------------------------------------------------------------------
Start Part Resource Summary
---------------------------------------------------------------------------------
Part Resources:
DSPs: 240 (col length:80)
BRAMs: 270 (col length: RAMB18 80 RAMB36 40)
---------------------------------------------------------------------------------
Finished Part Resource Summary
---------------------------------------------------------------------------------
Start Parallel Synthesis Optimization  : Time (s): cpu = 00:00:03 ; elapsed = 00:00:12 . Memory (MB): peak = 647.063 ; gain = 439.758
---------------------------------------------------------------------------------
Start Cross Boundary Optimization
---------------------------------------------------------------------------------
---------------------------------------------------------------------------------
Finished Cross Boundary Optimization : Time (s): cpu = 00:00:03 ; elapsed = 00:00:12 . Memory (MB): peak = 647.063 ; gain = 439.758
---------------------------------------------------------------------------------
Finished Parallel Reinference  : Time (s): cpu = 00:00:03 ; elapsed = 00:00:12 . Memory (MB): peak = 647.063 ; gain = 439.758

Report RTL Partitions: 
+-+--------------+------------+----------+
| |RTL Partition |Replication |Instances |
+-+--------------+------------+----------+
+-+--------------+------------+----------+
---------------------------------------------------------------------------------
Start ROM, RAM, DSP and Shift Register Reporting
---------------------------------------------------------------------------------

Distributed RAM: Preliminary Mapping  Report (see note below)
+------------+----------------------+-----------+----------------------+------------------+
|Module Name | RTL Object           | Inference | Size (Depth x Width) | Primitives       | 
+------------+----------------------+-----------+----------------------+------------------+
|top         | dmem_inst/memory_reg | Implied   | 256 x 16             | RAM256X1S x 16   | 
+------------+----------------------+-----------+----------------------+------------------+

Note: The table above is a preliminary report that shows the Distributed RAMs at the current stage of the synthesis flow. Some Distributed RAMs may be reimplemented as non Distributed RAM primitives later in the synthesis flow. Multiple instantiated RAMs are reported only once.
---------------------------------------------------------------------------------
Finished ROM, RAM, DSP and Shift Register Reporting
---------------------------------------------------------------------------------
---------------------------------------------------------------------------------
Start Area Optimization
---------------------------------------------------------------------------------
INFO: [Synth 8-3886] merging instance 'pcpu_inst/ex_stage/ALU_result_reg[14]' (FDE) to 'pcpu_inst/ex_stage/ALU_result_reg[15]'
INFO: [Synth 8-3886] merging instance 'pcpu_inst/ex_stage/ALU_result_reg[13]' (FDE) to 'pcpu_inst/ex_stage/ALU_result_reg[15]'
INFO: [Synth 8-3886] merging instance 'pcpu_inst/ex_stage/ALU_result_reg[12]' (FDE) to 'pcpu_inst/ex_stage/ALU_result_reg[15]'
INFO: [Synth 8-3886] merging instance 'pcpu_inst/ex_stage/ALU_result_reg[11]' (FDE) to 'pcpu_inst/ex_stage/ALU_result_reg[15]'
INFO: [Synth 8-3886] merging instance 'pcpu_inst/ex_stage/ALU_result_reg[10]' (FDE) to 'pcpu_inst/ex_stage/ALU_result_reg[15]'
INFO: [Synth 8-3886] merging instance 'pcpu_inst/ex_stage/ALU_result_reg[9]' (FDE) to 'pcpu_inst/ex_stage/ALU_result_reg[15]'
INFO: [Synth 8-3886] merging instance 'pcpu_inst/ex_stage/ALU_result_reg[8]' (FDE) to 'pcpu_inst/ex_stage/ALU_result_reg[15]'
INFO: [Synth 8-3886] merging instance 'pcpu_inst/ex_stage/ALU_result_reg[7]' (FDE) to 'pcpu_inst/ex_stage/ALU_result_reg[15]'
INFO: [Synth 8-3886] merging instance 'pcpu_inst/ex_stage/ALU_result_reg[6]' (FDE) to 'pcpu_inst/ex_stage/ALU_result_reg[15]'
INFO: [Synth 8-3886] merging instance 'pcpu_inst/ex_stage/ALU_result_reg[5]' (FDE) to 'pcpu_inst/ex_stage/ALU_result_reg[15]'
INFO: [Synth 8-3886] merging instance 'pcpu_inst/ex_stage/ALU_result_reg[4]' (FDE) to 'pcpu_inst/ex_stage/ALU_result_reg[15]'
INFO: [Synth 8-3886] merging instance 'pcpu_inst/ex_stage/ALU_result_reg[3]' (FDE) to 'pcpu_inst/ex_stage/ALU_result_reg[15]'
INFO: [Synth 8-3886] merging instance 'pcpu_inst/ex_stage/ALU_result_reg[2]' (FDE) to 'pcpu_inst/ex_stage/ALU_result_reg[15]'
INFO: [Synth 8-3886] merging instance 'pcpu_inst/ex_stage/ALU_result_reg[1]' (FDE) to 'pcpu_inst/ex_stage/ALU_result_reg[15]'
INFO: [Synth 8-3886] merging instance 'pcpu_inst/ex_stage/ALU_result_reg[0]' (FDE) to 'pcpu_inst/ex_stage/ALU_result_reg[15]'
INFO: [Synth 8-3333] propagating constant 0 across sequential element (\pcpu_inst/ex_stage/ALU_result_reg[15] )
INFO: [Synth 8-3333] propagating constant 0 across sequential element (\pcpu_inst/ex_stage/store_reg2_reg[0] )
INFO: [Synth 8-3333] propagating constant 0 across sequential element (\pcpu_inst/ex_stage/store_reg2_reg[1] )
INFO: [Synth 8-3333] propagating constant 0 across sequential element (\pcpu_inst/ex_stage/store_reg2_reg[2] )
INFO: [Synth 8-3333] propagating constant 0 across sequential element (\pcpu_inst/ex_stage/store_reg2_reg[3] )
INFO: [Synth 8-3333] propagating constant 0 across sequential element (\pcpu_inst/ex_stage/store_reg2_reg[4] )
INFO: [Synth 8-3333] propagating constant 0 across sequential element (\pcpu_inst/ex_stage/store_reg2_reg[5] )
INFO: [Synth 8-3333] propagating constant 0 across sequential element (\pcpu_inst/ex_stage/store_reg2_reg[6] )
INFO: [Synth 8-3333] propagating constant 0 across sequential element (\pcpu_inst/ex_stage/store_reg2_reg[7] )
INFO: [Synth 8-3886] merging instance 'pcpu_inst/ex_stage/mem_input_reg[0]' (FDCE) to 'pcpu_inst/ex_stage/nf_reg'
INFO: [Synth 8-3886] merging instance 'pcpu_inst/ex_stage/mem_input_reg[1]' (FDCE) to 'pcpu_inst/ex_stage/nf_reg'
INFO: [Synth 8-3886] merging instance 'pcpu_inst/ex_stage/mem_input_reg[2]' (FDCE) to 'pcpu_inst/ex_stage/nf_reg'
INFO: [Synth 8-3886] merging instance 'pcpu_inst/ex_stage/mem_input_reg[3]' (FDCE) to 'pcpu_inst/ex_stage/nf_reg'
INFO: [Synth 8-3886] merging instance 'pcpu_inst/ex_stage/mem_input_reg[4]' (FDCE) to 'pcpu_inst/ex_stage/nf_reg'
INFO: [Synth 8-3886] merging instance 'pcpu_inst/ex_stage/mem_input_reg[5]' (FDCE) to 'pcpu_inst/ex_stage/nf_reg'
INFO: [Synth 8-3886] merging instance 'pcpu_inst/ex_stage/mem_input_reg[6]' (FDCE) to 'pcpu_inst/ex_stage/nf_reg'
INFO: [Synth 8-3886] merging instance 'pcpu_inst/ex_stage/mem_input_reg[7]' (FDCE) to 'pcpu_inst/ex_stage/nf_reg'
INFO: [Synth 8-3886] merging instance 'pcpu_inst/ex_stage/mem_input_reg[8]' (FDCE) to 'pcpu_inst/ex_stage/nf_reg'
INFO: [Synth 8-3886] merging instance 'pcpu_inst/ex_stage/mem_input_reg[9]' (FDCE) to 'pcpu_inst/ex_stage/nf_reg'
INFO: [Synth 8-3886] merging instance 'pcpu_inst/ex_stage/mem_input_reg[10]' (FDCE) to 'pcpu_inst/ex_stage/nf_reg'
INFO: [Synth 8-3886] merging instance 'pcpu_inst/ex_stage/mem_input_reg[11]' (FDCE) to 'pcpu_inst/ex_stage/nf_reg'
INFO: [Synth 8-3886] merging instance 'pcpu_inst/ex_stage/mem_input_reg[12]' (FDCE) to 'pcpu_inst/ex_stage/nf_reg'
INFO: [Synth 8-3886] merging instance 'pcpu_inst/ex_stage/mem_input_reg[13]' (FDCE) to 'pcpu_inst/ex_stage/nf_reg'
INFO: [Synth 8-3886] merging instance 'pcpu_inst/ex_stage/mem_input_reg[14]' (FDCE) to 'pcpu_inst/ex_stage/nf_reg'
INFO: [Synth 8-3886] merging instance 'pcpu_inst/ex_stage/mem_input_reg[15]' (FDCE) to 'pcpu_inst/ex_stage/nf_reg'
INFO: [Synth 8-3886] merging instance 'seg7x16/i_data_store_reg[29]' (FDC) to 'seg7x16/i_data_store_reg[31]'
INFO: [Synth 8-3886] merging instance 'seg7x16/i_data_store_reg[21]' (FDC) to 'seg7x16/i_data_store_reg[31]'
INFO: [Synth 8-3886] merging instance 'seg7x16/i_data_store_reg[25]' (FDC) to 'seg7x16/i_data_store_reg[31]'
INFO: [Synth 8-3886] merging instance 'seg7x16/i_data_store_reg[17]' (FDC) to 'seg7x16/i_data_store_reg[31]'
INFO: [Synth 8-3886] merging instance 'seg7x16/i_data_store_reg[31]' (FDC) to 'seg7x16/i_data_store_reg[30]'
INFO: [Synth 8-3886] merging instance 'seg7x16/i_data_store_reg[23]' (FDC) to 'seg7x16/i_data_store_reg[30]'
INFO: [Synth 8-3886] merging instance 'seg7x16/i_data_store_reg[27]' (FDC) to 'seg7x16/i_data_store_reg[30]'
INFO: [Synth 8-3886] merging instance 'seg7x16/i_data_store_reg[19]' (FDC) to 'seg7x16/i_data_store_reg[30]'
INFO: [Synth 8-3886] merging instance 'seg7x16/i_data_store_reg[30]' (FDC) to 'seg7x16/i_data_store_reg[28]'
INFO: [Synth 8-3886] merging instance 'seg7x16/i_data_store_reg[22]' (FDC) to 'seg7x16/i_data_store_reg[28]'
INFO: [Synth 8-3886] merging instance 'seg7x16/i_data_store_reg[26]' (FDC) to 'seg7x16/i_data_store_reg[28]'
INFO: [Synth 8-3886] merging instance 'seg7x16/i_data_store_reg[18]' (FDC) to 'seg7x16/i_data_store_reg[28]'
INFO: [Synth 8-3886] merging instance 'seg7x16/i_data_store_reg[28]' (FDC) to 'seg7x16/i_data_store_reg[24]'
INFO: [Synth 8-3886] merging instance 'seg7x16/i_data_store_reg[20]' (FDC) to 'seg7x16/i_data_store_reg[24]'
INFO: [Synth 8-3886] merging instance 'seg7x16/i_data_store_reg[24]' (FDC) to 'seg7x16/i_data_store_reg[16]'
INFO: [Synth 8-3333] propagating constant 0 across sequential element (\seg7x16/i_data_store_reg[16] )
INFO: [Synth 8-3333] propagating constant 1 across sequential element (\seg7x16/o_seg_r_reg[7] )
CRITICAL WARNING: [Synth 8-3352] multi-driven net z with 1st driver pin 'dmem_insti_1/z' [D:/Static_Pipeline_CPU/Static_Pipeline_CPU.srcs/sources_1/new/dmem.v:23]
CRITICAL WARNING: [Synth 8-3352] multi-driven net z with 2nd driver pin 'GND' [D:/Static_Pipeline_CPU/Static_Pipeline_CPU.srcs/sources_1/new/dmem.v:23]
CRITICAL WARNING: [Synth 8-5559] multi-driven net z is connected to constant driver, other driver is ignored [D:/Static_Pipeline_CPU/Static_Pipeline_CPU.srcs/sources_1/new/dmem.v:23]
CRITICAL WARNING: [Synth 8-3352] multi-driven net z with 1st driver pin 'dmem_insti_2/z' [D:/Static_Pipeline_CPU/Static_Pipeline_CPU.srcs/sources_1/new/dmem.v:23]
CRITICAL WARNING: [Synth 8-3352] multi-driven net z with 2nd driver pin 'GND' [D:/Static_Pipeline_CPU/Static_Pipeline_CPU.srcs/sources_1/new/dmem.v:23]
CRITICAL WARNING: [Synth 8-5559] multi-driven net z is connected to constant driver, other driver is ignored [D:/Static_Pipeline_CPU/Static_Pipeline_CPU.srcs/sources_1/new/dmem.v:23]
CRITICAL WARNING: [Synth 8-3352] multi-driven net z with 1st driver pin 'dmem_insti_3/z' [D:/Static_Pipeline_CPU/Static_Pipeline_CPU.srcs/sources_1/new/dmem.v:23]
CRITICAL WARNING: [Synth 8-3352] multi-driven net z with 2nd driver pin 'GND' [D:/Static_Pipeline_CPU/Static_Pipeline_CPU.srcs/sources_1/new/dmem.v:23]
CRITICAL WARNING: [Synth 8-5559] multi-driven net z is connected to constant driver, other driver is ignored [D:/Static_Pipeline_CPU/Static_Pipeline_CPU.srcs/sources_1/new/dmem.v:23]
CRITICAL WARNING: [Synth 8-3352] multi-driven net z with 1st driver pin 'dmem_insti_4/z' [D:/Static_Pipeline_CPU/Static_Pipeline_CPU.srcs/sources_1/new/dmem.v:23]
CRITICAL WARNING: [Synth 8-3352] multi-driven net z with 2nd driver pin 'GND' [D:/Static_Pipeline_CPU/Static_Pipeline_CPU.srcs/sources_1/new/dmem.v:23]
CRITICAL WARNING: [Synth 8-5559] multi-driven net z is connected to constant driver, other driver is ignored [D:/Static_Pipeline_CPU/Static_Pipeline_CPU.srcs/sources_1/new/dmem.v:23]
CRITICAL WARNING: [Synth 8-3352] multi-driven net z with 1st driver pin 'dmem_insti_5/z' [D:/Static_Pipeline_CPU/Static_Pipeline_CPU.srcs/sources_1/new/dmem.v:23]
CRITICAL WARNING: [Synth 8-3352] multi-driven net z with 2nd driver pin 'GND' [D:/Static_Pipeline_CPU/Static_Pipeline_CPU.srcs/sources_1/new/dmem.v:23]
CRITICAL WARNING: [Synth 8-5559] multi-driven net z is connected to constant driver, other driver is ignored [D:/Static_Pipeline_CPU/Static_Pipeline_CPU.srcs/sources_1/new/dmem.v:23]
CRITICAL WARNING: [Synth 8-3352] multi-driven net z with 1st driver pin 'dmem_insti_6/z' [D:/Static_Pipeline_CPU/Static_Pipeline_CPU.srcs/sources_1/new/dmem.v:23]
CRITICAL WARNING: [Synth 8-3352] multi-driven net z with 2nd driver pin 'GND' [D:/Static_Pipeline_CPU/Static_Pipeline_CPU.srcs/sources_1/new/dmem.v:23]
CRITICAL WARNING: [Synth 8-5559] multi-driven net z is connected to constant driver, other driver is ignored [D:/Static_Pipeline_CPU/Static_Pipeline_CPU.srcs/sources_1/new/dmem.v:23]
CRITICAL WARNING: [Synth 8-3352] multi-driven net z with 1st driver pin 'dmem_insti_7/z' [D:/Static_Pipeline_CPU/Static_Pipeline_CPU.srcs/sources_1/new/dmem.v:23]
CRITICAL WARNING: [Synth 8-3352] multi-driven net z with 2nd driver pin 'GND' [D:/Static_Pipeline_CPU/Static_Pipeline_CPU.srcs/sources_1/new/dmem.v:23]
CRITICAL WARNING: [Synth 8-5559] multi-driven net z is connected to constant driver, other driver is ignored [D:/Static_Pipeline_CPU/Static_Pipeline_CPU.srcs/sources_1/new/dmem.v:23]
CRITICAL WARNING: [Synth 8-3352] multi-driven net z with 1st driver pin 'dmem_insti_8/z' [D:/Static_Pipeline_CPU/Static_Pipeline_CPU.srcs/sources_1/new/dmem.v:23]
CRITICAL WARNING: [Synth 8-3352] multi-driven net z with 2nd driver pin 'GND' [D:/Static_Pipeline_CPU/Static_Pipeline_CPU.srcs/sources_1/new/dmem.v:23]
CRITICAL WARNING: [Synth 8-5559] multi-driven net z is connected to constant driver, other driver is ignored [D:/Static_Pipeline_CPU/Static_Pipeline_CPU.srcs/sources_1/new/dmem.v:23]
CRITICAL WARNING: [Synth 8-3352] multi-driven net z with 1st driver pin 'dmem_insti_9/z' [D:/Static_Pipeline_CPU/Static_Pipeline_CPU.srcs/sources_1/new/dmem.v:23]
CRITICAL WARNING: [Synth 8-3352] multi-driven net z with 2nd driver pin 'GND' [D:/Static_Pipeline_CPU/Static_Pipeline_CPU.srcs/sources_1/new/dmem.v:23]
CRITICAL WARNING: [Synth 8-5559] multi-driven net z is connected to constant driver, other driver is ignored [D:/Static_Pipeline_CPU/Static_Pipeline_CPU.srcs/sources_1/new/dmem.v:23]
CRITICAL WARNING: [Synth 8-3352] multi-driven net z with 1st driver pin 'dmem_insti_10/z' [D:/Static_Pipeline_CPU/Static_Pipeline_CPU.srcs/sources_1/new/dmem.v:23]
CRITICAL WARNING: [Synth 8-3352] multi-driven net z with 2nd driver pin 'GND' [D:/Static_Pipeline_CPU/Static_Pipeline_CPU.srcs/sources_1/new/dmem.v:23]
CRITICAL WARNING: [Synth 8-5559] multi-driven net z is connected to constant driver, other driver is ignored [D:/Static_Pipeline_CPU/Static_Pipeline_CPU.srcs/sources_1/new/dmem.v:23]
CRITICAL WARNING: [Synth 8-3352] multi-driven net z with 1st driver pin 'dmem_insti_11/z' [D:/Static_Pipeline_CPU/Static_Pipeline_CPU.srcs/sources_1/new/dmem.v:23]
CRITICAL WARNING: [Synth 8-3352] multi-driven net z with 2nd driver pin 'GND' [D:/Static_Pipeline_CPU/Static_Pipeline_CPU.srcs/sources_1/new/dmem.v:23]
CRITICAL WARNING: [Synth 8-5559] multi-driven net z is connected to constant driver, other driver is ignored [D:/Static_Pipeline_CPU/Static_Pipeline_CPU.srcs/sources_1/new/dmem.v:23]
CRITICAL WARNING: [Synth 8-3352] multi-driven net z with 1st driver pin 'dmem_insti_12/z' [D:/Static_Pipeline_CPU/Static_Pipeline_CPU.srcs/sources_1/new/dmem.v:23]
CRITICAL WARNING: [Synth 8-3352] multi-driven net z with 2nd driver pin 'GND' [D:/Static_Pipeline_CPU/Static_Pipeline_CPU.srcs/sources_1/new/dmem.v:23]
CRITICAL WARNING: [Synth 8-5559] multi-driven net z is connected to constant driver, other driver is ignored [D:/Static_Pipeline_CPU/Static_Pipeline_CPU.srcs/sources_1/new/dmem.v:23]
CRITICAL WARNING: [Synth 8-3352] multi-driven net z with 1st driver pin 'dmem_insti_13/z' [D:/Static_Pipeline_CPU/Static_Pipeline_CPU.srcs/sources_1/new/dmem.v:23]
CRITICAL WARNING: [Synth 8-3352] multi-driven net z with 2nd driver pin 'GND' [D:/Static_Pipeline_CPU/Static_Pipeline_CPU.srcs/sources_1/new/dmem.v:23]
CRITICAL WARNING: [Synth 8-5559] multi-driven net z is connected to constant driver, other driver is ignored [D:/Static_Pipeline_CPU/Static_Pipeline_CPU.srcs/sources_1/new/dmem.v:23]
CRITICAL WARNING: [Synth 8-3352] multi-driven net z with 1st driver pin 'dmem_insti_14/z' [D:/Static_Pipeline_CPU/Static_Pipeline_CPU.srcs/sources_1/new/dmem.v:23]
CRITICAL WARNING: [Synth 8-3352] multi-driven net z with 2nd driver pin 'GND' [D:/Static_Pipeline_CPU/Static_Pipeline_CPU.srcs/sources_1/new/dmem.v:23]
CRITICAL WARNING: [Synth 8-5559] multi-driven net z is connected to constant driver, other driver is ignored [D:/Static_Pipeline_CPU/Static_Pipeline_CPU.srcs/sources_1/new/dmem.v:23]
CRITICAL WARNING: [Synth 8-3352] multi-driven net z with 1st driver pin 'dmem_insti_15/z' [D:/Static_Pipeline_CPU/Static_Pipeline_CPU.srcs/sources_1/new/dmem.v:23]
CRITICAL WARNING: [Synth 8-3352] multi-driven net z with 2nd driver pin 'GND' [D:/Static_Pipeline_CPU/Static_Pipeline_CPU.srcs/sources_1/new/dmem.v:23]
CRITICAL WARNING: [Synth 8-5559] multi-driven net z is connected to constant driver, other driver is ignored [D:/Static_Pipeline_CPU/Static_Pipeline_CPU.srcs/sources_1/new/dmem.v:23]
WARNING: [Synth 8-3332] Sequential element (pcpu_inst/ex_stage/wena_reg) is unused and will be removed from module top.
WARNING: [Synth 8-3332] Sequential element (seg7x16/i_data_store_reg[31]) is unused and will be removed from module top.
WARNING: [Synth 8-3332] Sequential element (seg7x16/i_data_store_reg[30]) is unused and will be removed from module top.
WARNING: [Synth 8-3332] Sequential element (seg7x16/i_data_store_reg[29]) is unused and will be removed from module top.
WARNING: [Synth 8-3332] Sequential element (seg7x16/i_data_store_reg[28]) is unused and will be removed from module top.
WARNING: [Synth 8-3332] Sequential element (seg7x16/i_data_store_reg[27]) is unused and will be removed from module top.
WARNING: [Synth 8-3332] Sequential element (seg7x16/i_data_store_reg[26]) is unused and will be removed from module top.
WARNING: [Synth 8-3332] Sequential element (seg7x16/i_data_store_reg[25]) is unused and will be removed from module top.
WARNING: [Synth 8-3332] Sequential element (seg7x16/i_data_store_reg[24]) is unused and will be removed from module top.
WARNING: [Synth 8-3332] Sequential element (seg7x16/i_data_store_reg[23]) is unused and will be removed from module top.
WARNING: [Synth 8-3332] Sequential element (seg7x16/i_data_store_reg[22]) is unused and will be removed from module top.
WARNING: [Synth 8-3332] Sequential element (seg7x16/i_data_store_reg[21]) is unused and will be removed from module top.
WARNING: [Synth 8-3332] Sequential element (seg7x16/i_data_store_reg[20]) is unused and will be removed from module top.
WARNING: [Synth 8-3332] Sequential element (seg7x16/i_data_store_reg[19]) is unused and will be removed from module top.
WARNING: [Synth 8-3332] Sequential element (seg7x16/i_data_store_reg[18]) is unused and will be removed from module top.
WARNING: [Synth 8-3332] Sequential element (seg7x16/i_data_store_reg[17]) is unused and will be removed from module top.
WARNING: [Synth 8-3332] Sequential element (seg7x16/i_data_store_reg[16]) is unused and will be removed from module top.
WARNING: [Synth 8-3332] Sequential element (seg7x16/o_seg_r_reg[7]) is unused and will be removed from module top.
WARNING: [Synth 8-3332] Sequential element (pcpu_inst/if_stage/id_input_reg[15]) is unused and will be removed from module top.
WARNING: [Synth 8-3332] Sequential element (pcpu_inst/if_stage/id_input_reg[14]) is unused and will be removed from module top.
WARNING: [Synth 8-3332] Sequential element (pcpu_inst/if_stage/id_input_reg[13]) is unused and will be removed from module top.
WARNING: [Synth 8-3332] Sequential element (pcpu_inst/if_stage/id_input_reg[12]) is unused and will be removed from module top.
WARNING: [Synth 8-3332] Sequential element (pcpu_inst/if_stage/id_input_reg[11]) is unused and will be removed from module top.
WARNING: [Synth 8-3332] Sequential element (pcpu_inst/if_stage/id_input_reg[10]) is unused and will be removed from module top.
WARNING: [Synth 8-3332] Sequential element (pcpu_inst/if_stage/id_input_reg[9]) is unused and will be removed from module top.
WARNING: [Synth 8-3332] Sequential element (pcpu_inst/if_stage/id_input_reg[8]) is unused and will be removed from module top.
WARNING: [Synth 8-3332] Sequential element (pcpu_inst/if_stage/id_input_reg[7]) is unused and will be removed from module top.
WARNING: [Synth 8-3332] Sequential element (pcpu_inst/if_stage/id_input_reg[6]) is unused and will be removed from module top.
WARNING: [Synth 8-3332] Sequential element (pcpu_inst/if_stage/id_input_reg[5]) is unused and will be removed from module top.
WARNING: [Synth 8-3332] Sequential element (pcpu_inst/if_stage/id_input_reg[4]) is unused and will be removed from module top.
WARNING: [Synth 8-3332] Sequential element (pcpu_inst/if_stage/id_input_reg[3]) is unused and will be removed from module top.
WARNING: [Synth 8-3332] Sequential element (pcpu_inst/if_stage/id_input_reg[2]) is unused and will be removed from module top.
WARNING: [Synth 8-3332] Sequential element (pcpu_inst/if_stage/id_input_reg[1]) is unused and will be removed from module top.
WARNING: [Synth 8-3332] Sequential element (pcpu_inst/if_stage/id_input_reg[0]) is unused and will be removed from module top.
WARNING: [Synth 8-3332] Sequential element (pcpu_inst/ex_stage/store_reg2_reg[15]) is unused and will be removed from module top.
WARNING: [Synth 8-3332] Sequential element (pcpu_inst/ex_stage/store_reg2_reg[14]) is unused and will be removed from module top.
WARNING: [Synth 8-3332] Sequential element (pcpu_inst/ex_stage/store_reg2_reg[13]) is unused and will be removed from module top.
WARNING: [Synth 8-3332] Sequential element (pcpu_inst/ex_stage/store_reg2_reg[12]) is unused and will be removed from module top.
WARNING: [Synth 8-3332] Sequential element (pcpu_inst/ex_stage/store_reg2_reg[11]) is unused and will be removed from module top.
WARNING: [Synth 8-3332] Sequential element (pcpu_inst/ex_stage/store_reg2_reg[10]) is unused and will be removed from module top.
WARNING: [Synth 8-3332] Sequential element (pcpu_inst/ex_stage/store_reg2_reg[9]) is unused and will be removed from module top.
WARNING: [Synth 8-3332] Sequential element (pcpu_inst/ex_stage/store_reg2_reg[8]) is unused and will be removed from module top.
WARNING: [Synth 8-3332] Sequential element (pcpu_inst/ex_stage/store_reg2_reg[7]) is unused and will be removed from module top.
WARNING: [Synth 8-3332] Sequential element (pcpu_inst/ex_stage/store_reg2_reg[6]) is unused and will be removed from module top.
WARNING: [Synth 8-3332] Sequential element (pcpu_inst/ex_stage/store_reg2_reg[5]) is unused and will be removed from module top.
WARNING: [Synth 8-3332] Sequential element (pcpu_inst/ex_stage/store_reg2_reg[4]) is unused and will be removed from module top.
WARNING: [Synth 8-3332] Sequential element (pcpu_inst/ex_stage/store_reg2_reg[3]) is unused and will be removed from module top.
WARNING: [Synth 8-3332] Sequential element (pcpu_inst/ex_stage/store_reg2_reg[2]) is unused and will be removed from module top.
WARNING: [Synth 8-3332] Sequential element (pcpu_inst/ex_stage/store_reg2_reg[1]) is unused and will be removed from module top.
WARNING: [Synth 8-3332] Sequential element (pcpu_inst/ex_stage/store_reg2_reg[0]) is unused and will be removed from module top.
WARNING: [Synth 8-3332] Sequential element (pcpu_inst/mem_stage/dst_regC2_reg[15]) is unused and will be removed from module top.
WARNING: [Synth 8-3332] Sequential element (pcpu_inst/mem_stage/dst_regC2_reg[14]) is unused and will be removed from module top.
WARNING: [Synth 8-3332] Sequential element (pcpu_inst/mem_stage/dst_regC2_reg[13]) is unused and will be removed from module top.
WARNING: [Synth 8-3332] Sequential element (pcpu_inst/mem_stage/dst_regC2_reg[12]) is unused and will be removed from module top.
WARNING: [Synth 8-3332] Sequential element (pcpu_inst/mem_stage/dst_regC2_reg[11]) is unused and will be removed from module top.
WARNING: [Synth 8-3332] Sequential element (pcpu_inst/mem_stage/dst_regC2_reg[10]) is unused and will be removed from module top.
WARNING: [Synth 8-3332] Sequential element (pcpu_inst/mem_stage/dst_regC2_reg[9]) is unused and will be removed from module top.
WARNING: [Synth 8-3332] Sequential element (pcpu_inst/mem_stage/dst_regC2_reg[8]) is unused and will be removed from module top.
WARNING: [Synth 8-3332] Sequential element (pcpu_inst/mem_stage/dst_regC2_reg[7]) is unused and will be removed from module top.
WARNING: [Synth 8-3332] Sequential element (pcpu_inst/mem_stage/dst_regC2_reg[6]) is unused and will be removed from module top.
WARNING: [Synth 8-3332] Sequential element (pcpu_inst/mem_stage/dst_regC2_reg[5]) is unused and will be removed from module top.
WARNING: [Synth 8-3332] Sequential element (pcpu_inst/mem_stage/dst_regC2_reg[4]) is unused and will be removed from module top.
WARNING: [Synth 8-3332] Sequential element (pcpu_inst/mem_stage/dst_regC2_reg[3]) is unused and will be removed from module top.
WARNING: [Synth 8-3332] Sequential element (pcpu_inst/mem_stage/dst_regC2_reg[2]) is unused and will be removed from module top.
WARNING: [Synth 8-3332] Sequential element (pcpu_inst/mem_stage/dst_regC2_reg[1]) is unused and will be removed from module top.
WARNING: [Synth 8-3332] Sequential element (pcpu_inst/mem_stage/dst_regC2_reg[0]) is unused and will be removed from module top.
WARNING: [Synth 8-3332] Sequential element (pcpu_inst/general_reg_reg[15][15]) is unused and will be removed from module top.
WARNING: [Synth 8-3332] Sequential element (pcpu_inst/general_reg_reg[15][14]) is unused and will be removed from module top.
WARNING: [Synth 8-3332] Sequential element (pcpu_inst/general_reg_reg[15][13]) is unused and will be removed from module top.
WARNING: [Synth 8-3332] Sequential element (pcpu_inst/general_reg_reg[15][12]) is unused and will be removed from module top.
WARNING: [Synth 8-3332] Sequential element (pcpu_inst/general_reg_reg[15][11]) is unused and will be removed from module top.
WARNING: [Synth 8-3332] Sequential element (pcpu_inst/general_reg_reg[15][10]) is unused and will be removed from module top.
WARNING: [Synth 8-3332] Sequential element (pcpu_inst/general_reg_reg[15][9]) is unused and will be removed from module top.
WARNING: [Synth 8-3332] Sequential element (pcpu_inst/general_reg_reg[15][8]) is unused and will be removed from module top.
WARNING: [Synth 8-3332] Sequential element (pcpu_inst/general_reg_reg[15][7]) is unused and will be removed from module top.
WARNING: [Synth 8-3332] Sequential element (pcpu_inst/general_reg_reg[15][6]) is unused and will be removed from module top.
WARNING: [Synth 8-3332] Sequential element (pcpu_inst/general_reg_reg[15][5]) is unused and will be removed from module top.
WARNING: [Synth 8-3332] Sequential element (pcpu_inst/general_reg_reg[15][4]) is unused and will be removed from module top.
WARNING: [Synth 8-3332] Sequential element (pcpu_inst/general_reg_reg[15][3]) is unused and will be removed from module top.
WARNING: [Synth 8-3332] Sequential element (pcpu_inst/general_reg_reg[15][2]) is unused and will be removed from module top.
WARNING: [Synth 8-3332] Sequential element (pcpu_inst/general_reg_reg[15][1]) is unused and will be removed from module top.
WARNING: [Synth 8-3332] Sequential element (pcpu_inst/general_reg_reg[15][0]) is unused and will be removed from module top.
WARNING: [Synth 8-3332] Sequential element (pcpu_inst/general_reg_reg[14][15]) is unused and will be removed from module top.
WARNING: [Synth 8-3332] Sequential element (pcpu_inst/general_reg_reg[14][14]) is unused and will be removed from module top.
WARNING: [Synth 8-3332] Sequential element (pcpu_inst/general_reg_reg[14][13]) is unused and will be removed from module top.
WARNING: [Synth 8-3332] Sequential element (pcpu_inst/general_reg_reg[14][12]) is unused and will be removed from module top.
WARNING: [Synth 8-3332] Sequential element (pcpu_inst/general_reg_reg[14][11]) is unused and will be removed from module top.
WARNING: [Synth 8-3332] Sequential element (pcpu_inst/general_reg_reg[14][10]) is unused and will be removed from module top.
WARNING: [Synth 8-3332] Sequential element (pcpu_inst/general_reg_reg[14][9]) is unused and will be removed from module top.
WARNING: [Synth 8-3332] Sequential element (pcpu_inst/general_reg_reg[14][8]) is unused and will be removed from module top.
WARNING: [Synth 8-3332] Sequential element (pcpu_inst/general_reg_reg[14][7]) is unused and will be removed from module top.
WARNING: [Synth 8-3332] Sequential element (pcpu_inst/general_reg_reg[14][6]) is unused and will be removed from module top.
WARNING: [Synth 8-3332] Sequential element (pcpu_inst/general_reg_reg[14][5]) is unused and will be removed from module top.
WARNING: [Synth 8-3332] Sequential element (pcpu_inst/general_reg_reg[14][4]) is unused and will be removed from module top.
WARNING: [Synth 8-3332] Sequential element (pcpu_inst/general_reg_reg[14][3]) is unused and will be removed from module top.
WARNING: [Synth 8-3332] Sequential element (pcpu_inst/general_reg_reg[14][2]) is unused and will be removed from module top.
WARNING: [Synth 8-3332] Sequential element (pcpu_inst/general_reg_reg[14][1]) is unused and will be removed from module top.
WARNING: [Synth 8-3332] Sequential element (pcpu_inst/general_reg_reg[14][0]) is unused and will be removed from module top.
WARNING: [Synth 8-3332] Sequential element (pcpu_inst/general_reg_reg[13][15]) is unused and will be removed from module top.
WARNING: [Synth 8-3332] Sequential element (pcpu_inst/general_reg_reg[13][14]) is unused and will be removed from module top.
INFO: [Common 17-14] Message 'Synth 8-3332' appears 100 times and further instances of the messages will be disabled. Use the Tcl command set_msg_config to change the current settings.
---------------------------------------------------------------------------------
Finished Area Optimization : Time (s): cpu = 00:00:03 ; elapsed = 00:00:12 . Memory (MB): peak = 647.063 ; gain = 439.758
---------------------------------------------------------------------------------
Finished Parallel Area Optimization  : Time (s): cpu = 00:00:03 ; elapsed = 00:00:12 . Memory (MB): peak = 647.063 ; gain = 439.758

Report RTL Partitions: 
+-+--------------+------------+----------+
| |RTL Partition |Replication |Instances |
+-+--------------+------------+----------+
+-+--------------+------------+----------+
---------------------------------------------------------------------------------
Start Timing Optimization
---------------------------------------------------------------------------------
---------------------------------------------------------------------------------
Start Applying XDC Timing Constraints
---------------------------------------------------------------------------------
---------------------------------------------------------------------------------
Finished Applying XDC Timing Constraints : Time (s): cpu = 00:00:05 ; elapsed = 00:00:20 . Memory (MB): peak = 647.063 ; gain = 439.758
---------------------------------------------------------------------------------
---------------------------------------------------------------------------------
Finished Timing Optimization : Time (s): cpu = 00:00:05 ; elapsed = 00:00:20 . Memory (MB): peak = 647.063 ; gain = 439.758
---------------------------------------------------------------------------------

Report RTL Partitions: 
+-+--------------+------------+----------+
| |RTL Partition |Replication |Instances |
+-+--------------+------------+----------+
+-+--------------+------------+----------+
---------------------------------------------------------------------------------
Start Technology Mapping
---------------------------------------------------------------------------------
---------------------------------------------------------------------------------
Finished Technology Mapping : Time (s): cpu = 00:00:05 ; elapsed = 00:00:20 . Memory (MB): peak = 647.063 ; gain = 439.758
---------------------------------------------------------------------------------
Finished Parallel Technology Mapping Optimization  : Time (s): cpu = 00:00:05 ; elapsed = 00:00:20 . Memory (MB): peak = 647.063 ; gain = 439.758

Report RTL Partitions: 
+-+--------------+------------+----------+
| |RTL Partition |Replication |Instances |
+-+--------------+------------+----------+
+-+--------------+------------+----------+
Finished Parallel Synthesis Optimization  : Time (s): cpu = 00:00:05 ; elapsed = 00:00:20 . Memory (MB): peak = 647.063 ; gain = 439.758
---------------------------------------------------------------------------------
Start IO Insertion
---------------------------------------------------------------------------------
---------------------------------------------------------------------------------
Start Flattening Before IO Insertion
---------------------------------------------------------------------------------
---------------------------------------------------------------------------------
Finished Flattening Before IO Insertion
---------------------------------------------------------------------------------
---------------------------------------------------------------------------------
Start Final Netlist Cleanup
---------------------------------------------------------------------------------
---------------------------------------------------------------------------------
Finished Final Netlist Cleanup
---------------------------------------------------------------------------------
---------------------------------------------------------------------------------
Finished IO Insertion : Time (s): cpu = 00:00:05 ; elapsed = 00:00:21 . Memory (MB): peak = 647.063 ; gain = 439.758
---------------------------------------------------------------------------------

Report Check Netlist: 
+------+------------------+-------+---------+-------+------------------+
|      |Item              |Errors |Warnings |Status |Description       |
+------+------------------+-------+---------+-------+------------------+
|1     |multi_driven_nets |      0|        0|Passed |Multi driven nets |
+------+------------------+-------+---------+-------+------------------+
---------------------------------------------------------------------------------
Start Renaming Generated Instances
---------------------------------------------------------------------------------
---------------------------------------------------------------------------------
Finished Renaming Generated Instances : Time (s): cpu = 00:00:05 ; elapsed = 00:00:21 . Memory (MB): peak = 647.063 ; gain = 439.758
---------------------------------------------------------------------------------

Report RTL Partitions: 
+-+--------------+------------+----------+
| |RTL Partition |Replication |Instances |
+-+--------------+------------+----------+
+-+--------------+------------+----------+
---------------------------------------------------------------------------------
Start Rebuilding User Hierarchy
---------------------------------------------------------------------------------
---------------------------------------------------------------------------------
Finished Rebuilding User Hierarchy : Time (s): cpu = 00:00:05 ; elapsed = 00:00:21 . Memory (MB): peak = 647.063 ; gain = 439.758
---------------------------------------------------------------------------------
---------------------------------------------------------------------------------
Start Renaming Generated Ports
---------------------------------------------------------------------------------
---------------------------------------------------------------------------------
Finished Renaming Generated Ports : Time (s): cpu = 00:00:05 ; elapsed = 00:00:21 . Memory (MB): peak = 647.063 ; gain = 439.758
---------------------------------------------------------------------------------
---------------------------------------------------------------------------------
Start Handling Custom Attributes
---------------------------------------------------------------------------------
---------------------------------------------------------------------------------
Finished Handling Custom Attributes : Time (s): cpu = 00:00:05 ; elapsed = 00:00:21 . Memory (MB): peak = 647.063 ; gain = 439.758
---------------------------------------------------------------------------------
---------------------------------------------------------------------------------
Start Renaming Generated Nets
---------------------------------------------------------------------------------
---------------------------------------------------------------------------------
Finished Renaming Generated Nets : Time (s): cpu = 00:00:05 ; elapsed = 00:00:21 . Memory (MB): peak = 647.063 ; gain = 439.758
---------------------------------------------------------------------------------
---------------------------------------------------------------------------------
Start Writing Synthesis Report
---------------------------------------------------------------------------------

Report BlackBoxes: 
+------+---------------+----------+
|      |BlackBox name  |Instances |
+------+---------------+----------+
|1     |dist_mem_gen_0 |         1|
+------+---------------+----------+

Report Cell Usage: 
+------+---------------+------+
|      |Cell           |Count |
+------+---------------+------+
|1     |dist_mem_gen_0 |     1|
|2     |BUFG           |     1|
|3     |CARRY4         |    11|
|4     |LUT1           |    42|
|5     |LUT2           |     3|
|6     |LUT3           |    11|
|7     |LUT4           |    17|
|8     |LUT5           |     1|
|9     |LUT6           |     2|
|10    |MUXF7          |     4|
|11    |FDCE           |    67|
|12    |FDPE           |     7|
|13    |FDRE           |     1|
|14    |IBUF           |     4|
|15    |OBUF           |    16|
+------+---------------+------+

Report Instance Areas: 
+------+-------------+--------+------+
|      |Instance     |Module  |Cells |
+------+-------------+--------+------+
|1     |top          |        |   219|
|2     |  imem_inst  |imem    |    32|
|3     |  pcpu_inst  |pcpu    |    19|
|4     |    if_stage |IF      |    17|
|5     |  seg7x16    |seg7x16 |    90|
+------+-------------+--------+------+
---------------------------------------------------------------------------------
Finished Writing Synthesis Report : Time (s): cpu = 00:00:05 ; elapsed = 00:00:21 . Memory (MB): peak = 647.063 ; gain = 439.758
---------------------------------------------------------------------------------
Synthesis finished with 0 errors, 45 critical warnings and 403 warnings.
Synthesis Optimization Runtime : Time (s): cpu = 00:00:02 ; elapsed = 00:00:15 . Memory (MB): peak = 647.063 ; gain = 100.633
Synthesis Optimization Complete : Time (s): cpu = 00:00:05 ; elapsed = 00:00:21 . Memory (MB): peak = 647.063 ; gain = 439.758
INFO: [Project 1-571] Translating synthesized netlist
INFO: [Netlist 29-17] Analyzing 15 Unisim elements for replacement
INFO: [Netlist 29-28] Unisim Transformation completed in 0 CPU seconds
INFO: [Project 1-570] Preparing netlist for logic optimization
INFO: [Opt 31-138] Pushed 0 inverter(s) to 0 load pin(s).
INFO: [Project 1-111] Unisim Transformation Summary:
No Unisim elements were transformed.

INFO: [Common 17-83] Releasing license: Synthesis
109 Infos, 190 Warnings, 45 Critical Warnings and 0 Errors encountered.
synth_design completed successfully
synth_design: Time (s): cpu = 00:00:05 ; elapsed = 00:00:20 . Memory (MB): peak = 647.063 ; gain = 415.840
report_utilization: Time (s): cpu = 00:00:00 ; elapsed = 00:00:00.017 . Memory (MB): peak = 647.063 ; gain = 0.000
INFO: [Common 17-206] Exiting Vivado at Sun Nov 03 10:32:49 2024...
